Performing C SOURCE FILE Test CMAKE_HAVE_LIBC_PTHREAD failed with the following output:
Change Dir: /home/rodrimfg/Desktop/CNF22-WCD-SIM/LXe/build/CMakeFiles/CMakeTmp

Run Build Command(s):/usr/bin/make cmTC_72aff/fast && /usr/bin/make -f CMakeFiles/cmTC_72aff.dir/build.make CMakeFiles/cmTC_72aff.dir/build
make[1]: Entering directory '/home/rodrimfg/Desktop/CNF22-WCD-SIM/LXe/build/CMakeFiles/CMakeTmp'
Building C object CMakeFiles/cmTC_72aff.dir/src.c.o
/home/rodrimfg/softwere/mambaforge/envs/ROOT/bin/x86_64-conda-linux-gnu-cc   -march=nocona -mtune=haswell -ftree-vectorize -fPIC -fstack-protector-strong -fno-plt -O2 -ffunction-sections -pipe -isystem /home/rodrimfg/softwere/mambaforge/envs/ROOT/include -DCMAKE_HAVE_LIBC_PTHREAD   -o CMakeFiles/cmTC_72aff.dir/src.c.o   -c /home/rodrimfg/Desktop/CNF22-WCD-SIM/LXe/build/CMakeFiles/CMakeTmp/src.c
Linking C executable cmTC_72aff
/usr/bin/cmake -E cmake_link_script CMakeFiles/cmTC_72aff.dir/link.txt --verbose=1
/home/rodrimfg/softwere/mambaforge/envs/ROOT/bin/x86_64-conda-linux-gnu-cc -march=nocona -mtune=haswell -ftree-vectorize -fPIC -fstack-protector-strong -fno-plt -O2 -ffunction-sections -pipe -isystem /home/rodrimfg/softwere/mambaforge/envs/ROOT/include -DCMAKE_HAVE_LIBC_PTHREAD  -Wl,-O2 -Wl,--sort-common -Wl,--as-needed -Wl,-z,relro -Wl,-z,now -Wl,--disable-new-dtags -Wl,--gc-sections -Wl,--allow-shlib-undefined -Wl,-rpath,/home/rodrimfg/softwere/mambaforge/envs/ROOT/lib -Wl,-rpath-link,/home/rodrimfg/softwere/mambaforge/envs/ROOT/lib -L/home/rodrimfg/softwere/mambaforge/envs/ROOT/lib  CMakeFiles/cmTC_72aff.dir/src.c.o  -o cmTC_72aff 
/home/rodrimfg/softwere/mambaforge/envs/ROOT/bin/../lib/gcc/x86_64-conda-linux-gnu/10.3.0/../../../../x86_64-conda-linux-gnu/bin/ld: CMakeFiles/cmTC_72aff.dir/src.c.o: in function `main':
src.c:(.text.startup.main+0x24): undefined reference to `pthread_create'
/home/rodrimfg/softwere/mambaforge/envs/ROOT/bin/../lib/gcc/x86_64-conda-linux-gnu/10.3.0/../../../../x86_64-conda-linux-gnu/bin/ld: src.c:(.text.startup.main+0x2e): undefined reference to `pthread_detach'
/home/rodrimfg/softwere/mambaforge/envs/ROOT/bin/../lib/gcc/x86_64-conda-linux-gnu/10.3.0/../../../../x86_64-conda-linux-gnu/bin/ld: src.c:(.text.startup.main+0x3a): undefined reference to `pthread_join'
/home/rodrimfg/softwere/mambaforge/envs/ROOT/bin/../lib/gcc/x86_64-conda-linux-gnu/10.3.0/../../../../x86_64-conda-linux-gnu/bin/ld: src.c:(.text.startup.main+0x46): undefined reference to `pthread_atfork'
collect2: error: ld returned 1 exit status
make[1]: *** [CMakeFiles/cmTC_72aff.dir/build.make:87: cmTC_72aff] Error 1
make[1]: Leaving directory '/home/rodrimfg/Desktop/CNF22-WCD-SIM/LXe/build/CMakeFiles/CMakeTmp'
make: *** [Makefile:121: cmTC_72aff/fast] Error 2


Source file was:
#include <pthread.h>

void* test_func(void* data)
{
  return data;
}

int main(void)
{
  pthread_t thread;
  pthread_create(&thread, NULL, test_func, NULL);
  pthread_detach(thread);
  pthread_join(thread, NULL);
  pthread_atfork(NULL, NULL, NULL);
  pthread_exit(NULL);

  return 0;
}

